<?xml version="1.0" encoding="UTF-8"?>
<!-- Generated by org.testng.reporters.JUnitReportReporter -->
<testsuite hostname="Spruha" failures="0" tests="1" name="qsp.DemoA" time="0.027" errors="0" timestamp="9 Mar 2018 01:56:24 GMT">
  <testcase classname="qsp.DemoA" name="testA" time="0.027"/>
</testsuite> <!-- qsp.DemoA -->
